<?xml version="1.0" encoding="UTF-8"?><testsuite errors="0" failures="0" name="Pedir una orden con y sin el cupón de bienvenida Wappi" skipped="0" tests="12" time="283.92" timestamp="2021-09-09T23:19:42.449-05:00[America/Bogota]"><testcase name="Registrar una orden sin el cupón de bienvenida."/><testcase name="Registrar una orden con el cupón de bienvenida."/><testcase name="Validación de mensaje de error en cupón inválido."/><testcase name="Validación de mensaje de error en cupón inválido al utilizarlo más de dos veces."/></testsuite>