<?xml version="1.0" encoding="UTF-8"?><testsuite errors="0" failures="0" name="Login Wappi" skipped="0" tests="8" time="363.99" timestamp="2021-09-09T23:13:36.820-05:00[America/Bogota]"><testcase name="Verificar inicio y cierre de sesión."/><testcase name="Verificar mensaje de error en contraseña inválida de inicio de sesión."/><testcase name="Verificar mensaje de error en usuario inválida de inicio de sesión."/><testcase name="Verificación de no ingresar caracteres especiales en usuario."/></testsuite>